Determining if the pthread_create exist failed with the following output:
Change Dir: /home/kai/gpmp2/build/CMakeFiles/CMakeTmp

Run Build Command:"/usr/bin/make" "cmTC_84a6a/fast"
/usr/bin/make -f CMakeFiles/cmTC_84a6a.dir/build.make CMakeFiles/cmTC_84a6a.dir/build
make[1]: Entering directory '/home/kai/gpmp2/build/CMakeFiles/CMakeTmp'
Building C object CMakeFiles/cmTC_84a6a.dir/CheckSymbolExists.c.o
/usr/bin/cc    -std=c11   -Wall    -o CMakeFiles/cmTC_84a6a.dir/CheckSymbolExists.c.o   -c /home/kai/gpmp2/build/CMakeFiles/CMakeTmp/CheckSymbolExists.c
Linking C executable cmTC_84a6a
/usr/bin/cmake -E cmake_link_script CMakeFiles/cmTC_84a6a.dir/link.txt --verbose=1
/usr/bin/cc   -std=c11   -Wall     CMakeFiles/cmTC_84a6a.dir/CheckSymbolExists.c.o  -o cmTC_84a6a -rdynamic 
CMakeFiles/cmTC_84a6a.dir/CheckSymbolExists.c.o: In function `main':
CheckSymbolExists.c:(.text+0x16): undefined reference to `pthread_create'
collect2: error: ld returned 1 exit status
CMakeFiles/cmTC_84a6a.dir/build.make:97: recipe for target 'cmTC_84a6a' failed
make[1]: *** [cmTC_84a6a] Error 1
make[1]: Leaving directory '/home/kai/gpmp2/build/CMakeFiles/CMakeTmp'
Makefile:126: recipe for target 'cmTC_84a6a/fast' failed
make: *** [cmTC_84a6a/fast] Error 2

File /home/kai/gpmp2/build/CMakeFiles/CMakeTmp/CheckSymbolExists.c:
/* */
#include <pthread.h>

int main(int argc, char** argv)
{
  (void)argv;
#ifndef pthread_create
  return ((int*)(&pthread_create))[argc];
#else
  (void)argc;
  return 0;
#endif
}

Determining if the function pthread_create exists in the pthreads failed with the following output:
Change Dir: /home/kai/gpmp2/build/CMakeFiles/CMakeTmp

Run Build Command:"/usr/bin/make" "cmTC_21e6e/fast"
/usr/bin/make -f CMakeFiles/cmTC_21e6e.dir/build.make CMakeFiles/cmTC_21e6e.dir/build
make[1]: Entering directory '/home/kai/gpmp2/build/CMakeFiles/CMakeTmp'
Building C object CMakeFiles/cmTC_21e6e.dir/CheckFunctionExists.c.o
/usr/bin/cc    -std=c11   -Wall -DCHECK_FUNCTION_EXISTS=pthread_create   -o CMakeFiles/cmTC_21e6e.dir/CheckFunctionExists.c.o   -c /usr/share/cmake-3.5/Modules/CheckFunctionExists.c
Linking C executable cmTC_21e6e
/usr/bin/cmake -E cmake_link_script CMakeFiles/cmTC_21e6e.dir/link.txt --verbose=1
/usr/bin/cc   -std=c11   -Wall -DCHECK_FUNCTION_EXISTS=pthread_create    CMakeFiles/cmTC_21e6e.dir/CheckFunctionExists.c.o  -o cmTC_21e6e -rdynamic -lpthreads 
/usr/bin/ld: cannot find -lpthreads
collect2: error: ld returned 1 exit status
CMakeFiles/cmTC_21e6e.dir/build.make:97: recipe for target 'cmTC_21e6e' failed
make[1]: *** [cmTC_21e6e] Error 1
make[1]: Leaving directory '/home/kai/gpmp2/build/CMakeFiles/CMakeTmp'
Makefile:126: recipe for target 'cmTC_21e6e/fast' failed
make: *** [cmTC_21e6e/fast] Error 2


